<?xml version="1.0" encoding="UTF-8" ?>
<testsuite tests="3" failures="0" name="hellocucumber.RunCucumberTest" time="0.009" errors="0" skipped="3">
  <properties>
[...]
</properties>
  <testcase classname="Insulin Pump on?" name="Insulin pump delivers basal dose or no dose" time="0.006">
    <skipped/>
    <system-out>Feature: Insulin Pump on?
  Insulin pump delivers insulin or not

  Scenario Outline: Insulin pump delivers basal dose or no dose &amp;#27;[90m# hellocucumber/insulin_pump_turns_on.feature:4&amp;#27;[0m
    &amp;#27;[36mGiven insulin pump  &quot;&lt;status&gt;&quot;&amp;#27;[0m
    &amp;#27;[36mWhen insulin pump turns on&amp;#27;[0m
    &amp;#27;[36mThen insulin pump delivers &quot;&lt;dose&gt;&quot;&amp;#27;[0m

    Examples: 

  Scenario Outline: Insulin pump delivers basal dose or no dose &amp;#27;[90m# hellocucumber/insulin_pump_turns_on.feature:12&amp;#27;[0m
    &amp;#27;[33mGiven &amp;#27;[0m&amp;#27;[33minsulin pump  &quot;OFF&quot;&amp;#27;[0m                                   &amp;#27;[90m# null&amp;#27;[0m
    &amp;#27;[36mWhen &amp;#27;[0m&amp;#27;[36minsulin pump turns on&amp;#27;[0m                                  &amp;#27;[90m# Stepdefs.insulin_pump_turns_on()&amp;#27;[0m
    &amp;#27;[36mThen &amp;#27;[0m&amp;#27;[36minsulin pump delivers &quot;&amp;#27;[0m&amp;#27;[36m&amp;#27;[1mbasalDose&amp;#27;[0m&amp;#27;[36m&quot;&amp;#27;[0m                      &amp;#27;[90m# Stepdefs.insulin_pump_delivers(String)&amp;#27;[0m
</system-out>
  </testcase>
  <testcase classname="Insulin Pump on?" name="Insulin pump delivers basal dose or no dose" time="0.002">
    <skipped/>
    <system-out>
  Scenario Outline: Insulin pump delivers basal dose or no dose &amp;#27;[90m# hellocucumber/insulin_pump_turns_on.feature:13&amp;#27;[0m
    &amp;#27;[33mGiven &amp;#27;[0m&amp;#27;[33minsulin pump  &quot;Empty&quot;&amp;#27;[0m                                 &amp;#27;[90m# null&amp;#27;[0m
    &amp;#27;[36mWhen &amp;#27;[0m&amp;#27;[36minsulin pump turns on&amp;#27;[0m                                  &amp;#27;[90m# Stepdefs.insulin_pump_turns_on()&amp;#27;[0m
    &amp;#27;[36mThen &amp;#27;[0m&amp;#27;[36minsulin pump delivers &quot;&amp;#27;[0m&amp;#27;[36m&amp;#27;[1mnoDose&amp;#27;[0m&amp;#27;[36m&quot;&amp;#27;[0m                         &amp;#27;[90m# Stepdefs.insulin_pump_delivers(String)&amp;#27;[0m
</system-out>
  </testcase>
  <testcase classname="Insulin Pump on?" name="Insulin pump delivers basal dose or no dose" time="0.001">
    <skipped/>
    <system-out>
  Scenario Outline: Insulin pump delivers basal dose or no dose &amp;#27;[90m# hellocucumber/insulin_pump_turns_on.feature:14&amp;#27;[0m
    &amp;#27;[33mGiven &amp;#27;[0m&amp;#27;[33minsulin pump  &quot;anything else!&quot;&amp;#27;[0m                        &amp;#27;[90m# null&amp;#27;[0m
    &amp;#27;[36mWhen &amp;#27;[0m&amp;#27;[36minsulin pump turns on&amp;#27;[0m                                  &amp;#27;[90m# Stepdefs.insulin_pump_turns_on()&amp;#27;[0m
    &amp;#27;[36mThen &amp;#27;[0m&amp;#27;[36minsulin pump delivers &quot;&amp;#27;[0m&amp;#27;[36m&amp;#27;[1mnoDose&amp;#27;[0m&amp;#27;[36m&quot;&amp;#27;[0m                         &amp;#27;[90m# Stepdefs.insulin_pump_delivers(String)&amp;#27;[0m
</system-out>
  </testcase>
</testsuite>